::1 - - [26/Aug/2021:00:19:41 +0000] "POST /api/v1/auth/login/login-user HTTP/1.1" 200 79 "-" "PostmanRuntime/7.28.2"
::1 - - [26/Aug/2021:00:19:53 +0000] "POST /api/v1/auth/refresh-token HTTP/1.1" 200 79 "-" "PostmanRuntime/7.28.2"
error: Aug-25-2021 17:19:56: 	500 - AuthorizationError - User: jelery is banned. - /api/v1/restaurants/612400500f9bfd082443287f - GET - ::1 - AuthorizationError: User: jelery is banned.
    at new BaseError (/Users/jessezonneveld/Documents/Coding/React/Yelp PERN/server-mongo/dist/errors/baseError.js:22:11)
    at new Api403Error (/Users/jessezonneveld/Documents/Coding/React/Yelp PERN/server-mongo/dist/errors/api403Error.js:27:5)
    at JwtStrategy._verify (/Users/jessezonneveld/Documents/Coding/React/Yelp PERN/server-mongo/dist/config/passport.js:76:15)
    at processTicksAndRejections (internal/process/task_queues.js:97:5)
::1 - - [26/Aug/2021:00:19:56 +0000] "GET /api/v1/restaurants/612400500f9bfd082443287f HTTP/1.1" 403 59 "-" "PostmanRuntime/7.28.2"
::1 - - [26/Aug/2021:00:20:11 +0000] "GET /api/v1/restaurants HTTP/1.1" 200 3959 "-" "PostmanRuntime/7.28.2"
::1 - - [26/Aug/2021:00:22:48 +0000] "POST /api/v1/auth/refresh-token HTTP/1.1" 200 79 "-" "PostmanRuntime/7.28.2"
error: Aug-25-2021 17:22:51: 	500 - AuthorizationError - User: jelery is banned. - /api/v1/restaurants/612400500f9bfd082443287f - GET - ::1 - AuthorizationError: User: jelery is banned.
    at new BaseError (/Users/jessezonneveld/Documents/Coding/React/Yelp PERN/server-mongo/dist/errors/baseError.js:22:11)
    at new Api403Error (/Users/jessezonneveld/Documents/Coding/React/Yelp PERN/server-mongo/dist/errors/api403Error.js:27:5)
    at JwtStrategy._verify (/Users/jessezonneveld/Documents/Coding/React/Yelp PERN/server-mongo/dist/config/passport.js:76:15)
    at processTicksAndRejections (internal/process/task_queues.js:97:5)
::1 - - [26/Aug/2021:00:22:51 +0000] "GET /api/v1/restaurants/612400500f9bfd082443287f HTTP/1.1" 403 59 "-" "PostmanRuntime/7.28.2"
::1 - - [26/Aug/2021:00:23:10 +0000] "POST /api/v1/auth/refresh-token HTTP/1.1" 200 79 "-" "PostmanRuntime/7.28.2"
error: Aug-25-2021 17:23:12: 	500 - AuthorizationError - User: jelery is banned. - /api/v1/restaurants/612400500f9bfd082443287f - GET - ::1
::1 - - [26/Aug/2021:00:23:12 +0000] "GET /api/v1/restaurants/612400500f9bfd082443287f HTTP/1.1" 403 59 "-" "PostmanRuntime/7.28.2"
::1 - - [26/Aug/2021:00:23:33 +0000] "GET /api/v1/auth/logout HTTP/1.1" 200 50 "-" "PostmanRuntime/7.28.2"
error: Aug-25-2021 17:23:38: 	500 - AuthorizationError - user or password is incorrect. - /api/v1/auth/login/login-user - POST - ::1
::1 - - [26/Aug/2021:00:23:38 +0000] "POST /api/v1/auth/login/login-user HTTP/1.1" 403 66 "-" "PostmanRuntime/7.28.2"
error: Aug-27-2021 13:13:15: 	500 - ValidationError - User validation failed: username: No username entered., email: No email entered., password: No password entered. - /api/v1/auth/register/create-user - POST - ::1 - ValidationError: User validation failed: username: No username entered., email: No email entered., password: No password entered.
    at model.Document.invalidate (/Users/jessezonneveld/Documents/Coding/React/Yelp PERN/server-mongo/node_modules/mongoose/lib/document.js:2760:32)
    at /Users/jessezonneveld/Documents/Coding/React/Yelp PERN/server-mongo/node_modules/mongoose/lib/document.js:2552:17
    at /Users/jessezonneveld/Documents/Coding/React/Yelp PERN/server-mongo/node_modules/mongoose/lib/schematype.js:1273:9
    at processTicksAndRejections (internal/process/task_queues.js:79:11)
::1 - - [27/Aug/2021:20:13:15 +0000] "POST /api/v1/auth/register/create-user HTTP/1.1" 500 108 "-" "PostmanRuntime/7.28.2"
